This is pdfTeX, Version 3.1415926-2.4-1.40.13 (TeX Live 2012) (format=pdflatex 2012.6.30)  15 MAY 2013 12:10
entering extended mode
 restricted \write18 enabled.
 file:line:error style messages enabled.
 %&-line parsing enabled.
**v2-acmlarge-sample.tex
(./v2-acmlarge-sample.tex
LaTeX2e <2011/06/27>
Babel <v3.8m> and hyphenation patterns for english, dumylang, nohyphenation, ge
rman-x-2012-05-30, ngerman-x-2012-05-30, afrikaans, ancientgreek, ibycus, arabi
c, armenian, basque, bulgarian, catalan, pinyin, coptic, croatian, czech, danis
h, dutch, ukenglish, usenglishmax, esperanto, estonian, ethiopic, farsi, finnis
h, french, friulan, galician, german, ngerman, swissgerman, monogreek, greek, h
ungarian, icelandic, assamese, bengali, gujarati, hindi, kannada, malayalam, ma
rathi, oriya, panjabi, tamil, telugu, indonesian, interlingua, irish, italian, 
kurmanji, latin, latvian, lithuanian, mongolian, mongolianlmc, bokmal, nynorsk,
 polish, portuguese, romanian, romansh, russian, sanskrit, serbian, serbianc, s
lovak, slovenian, spanish, swedish, turkish, turkmen, ukrainian, uppersorbian, 
welsh, loaded.
(./acmlarge.cls
Document Class: acmlarge 2012/03/05 ACM Transactions class
(./url.sty
\Urlmuskip=\muskip10
Package: url 2006/04/12  ver 3.3  Verb mode for urls, etc.
)

Using ACM, TAP's option: 2010/05/18 by Aptara

Using ACM, prodmode option: 2010/06/28 by Aptara
\tempdimen=\dimen102
\temptxtwd=\dimen103
\normaltextheight=\dimen104
\normaltextheight=\dimen105
\blindfoliodrop=\dimen106
\tempbox=\box26
\c@part=\count79
\c@section=\count80
\c@subsection=\count81
\c@subsubsection=\count82
\c@paragraph=\count83
\c@secnumbookdepth=\count84
\enumdim=\dimen107
\c@theorem=\count85
\c@figure=\count86
\c@table=\count87
\belowcaptionskip=\skip41
\tbbox=\box27
\tabledim=\dimen108
\@narrowfig=\dimen109
\@nfigbox=\box28
\@nfcapbox=\box29
\@abstract=\box30
\@terms=\box31
\@keywords=\box32
\@firstpg=\count88
\@lastpg=\count89
\@totalpg=\count90
\bibindent=\dimen110
LaTeX Info: Redefining \cal on input line 1435.
(/usr/local/texlive/2012/texmf-dist/tex/latex/base/latexsym.sty
Package: latexsym 1998/08/17 v2.2e Standard LaTeX package (lasy symbols)
\symlasy=\mathgroup4
LaTeX Font Info:    Overwriting symbol font `lasy' in version `bold'
(Font)                  U/lasy/m/n --> U/lasy/b/n on input line 47.
)
(/usr/local/texlive/2012/texmf-dist/tex/latex/graphics/graphicx.sty
Package: graphicx 1999/02/16 v1.0f Enhanced LaTeX Graphics (DPC,SPQR)

(/usr/local/texlive/2012/texmf-dist/tex/latex/graphics/keyval.sty
Package: keyval 1999/03/16 v1.13 key=value parser (DPC)
\KV@toks@=\toks14
)
(/usr/local/texlive/2012/texmf-dist/tex/latex/graphics/graphics.sty
Package: graphics 2009/02/05 v1.0o Standard LaTeX Graphics (DPC,SPQR)

(/usr/local/texlive/2012/texmf-dist/tex/latex/graphics/trig.sty
Package: trig 1999/03/16 v1.09 sin cos tan (DPC)
)
(/usr/local/texlive/2012/texmf-dist/tex/latex/latexconfig/graphics.cfg
File: graphics.cfg 2010/04/23 v1.9 graphics configuration of TeX Live
)
Package graphics Info: Driver file: pdftex.def on input line 91.

(/usr/local/texlive/2012/texmf-dist/tex/latex/pdftex-def/pdftex.def
File: pdftex.def 2011/05/27 v0.06d Graphics/color for pdfTeX

(/usr/local/texlive/2012/texmf-dist/tex/generic/oberdiek/infwarerr.sty
Package: infwarerr 2010/04/08 v1.3 Providing info/warning/error messages (HO)
)
(/usr/local/texlive/2012/texmf-dist/tex/generic/oberdiek/ltxcmds.sty
Package: ltxcmds 2011/11/09 v1.22 LaTeX kernel commands for general use (HO)
)
\Gread@gobject=\count91
))
\Gin@req@height=\dimen111
\Gin@req@width=\dimen112
)
(/usr/local/texlive/2012/texmf-dist/tex/latex/graphics/color.sty
Package: color 2005/11/14 v1.0j Standard LaTeX Color (DPC)

(/usr/local/texlive/2012/texmf-dist/tex/latex/latexconfig/color.cfg
File: color.cfg 2007/01/18 v1.5 color configuration of teTeX/TeXLive
)
Package color Info: Driver file: pdftex.def on input line 130.
))
(./algorithm2e.sty
Package: algorithm2e 2008/00/00 v3.10 algorithms environments
\c@AlgoLine=\count92

(/usr/local/texlive/2012/texmf-dist/tex/latex/base/ifthen.sty
Package: ifthen 2001/05/26 v1.1c Standard LaTeX ifthen package (DPC)
)
(/usr/local/texlive/2012/texmf-dist/tex/latex/tools/xspace.sty
Package: xspace 2009/10/20 v1.13 Space after command names (DPC,MH)
)
(/usr/local/texlive/2012/texmf-dist/tex/latex/relsize/relsize.sty
Package: relsize 2011/09/21 ver 4.0

Examine \normalsize starts \@setfontsize size may be \@xpt. 
Examine \small starts \@setfontsize size may be \@ixpt. 
Examine \footnotesize starts \@setsize size may be 10pt. 
Examine \large starts \@setfontsize size may be \@xiipt. 
Examine \Large starts \@setfontsize size may be \@xivpt. 
Examine \LARGE starts \@setfontsize size may be \@xviipt. 
Examine \scriptsize starts \@setfontsize size may be \@viipt. 
Examine \tiny starts \@setfontsize size may be \@vpt. 
Examine \huge starts \@setfontsize size may be \@xxpt. 
Examine \Huge starts \@setfontsize size may be \@xxvpt. 

Package relsize Warning: Failed to get list of defined font sizes.
(relsize)                Size scaling will attempt arbitrary sizes..

)
********************************************************
Package `algorithm2e' Release 4.01 -- december 14 2009 --
- algorithm2e-announce@lirmm.fr mailing list for announcement about releases
- algorithm2e-discussion@lirmm.fr mailing list for discussion about package
subscribe by emailing sympa@lirmm.fr with 'subscribe <list> <firstname name>'
- Author: Christophe Fiorio (fiorio@lirmm.fr)
********************************************************
\skiptotal=\skip42
\skiplinenumber=\skip43
\skiprule=\skip44
\skiphlne=\skip45
\skiptext=\skip46
\skiplength=\skip47
\algomargin=\skip48
\skipalgocfslide=\skip49
\algowidth=\dimen113
\inoutsize=\dimen114
\inoutline=\dimen115
\interspacetitleruled=\dimen116
\interspacealgoruled=\dimen117
\interspacetitleboxruled=\dimen118
\algocf@inoutbox=\box33
\algocf@inputbox=\box34
\AlCapSkip=\skip50
\AlCapHSkip=\skip51
\algocf@nlbox=\box35
\algocf@hangingbox=\box36
\algocf@capbox=\box37
\algoheightruledefault=\skip52
\algoheightrule=\skip53
\algotitleheightruledefault=\skip54
\algotitleheightrule=\skip55
\c@algocfline=\count93
\c@algocfproc=\count94
\c@algocf=\count95
\algocf@algoframe=\box38
\algocf@algobox=\box39
)
No file v2-acmlarge-sample.aux.
\openout1 = `v2-acmlarge-sample.aux'.

LaTeX Font Info:    Checking defaults for OML/cmm/m/it on input line 91.
LaTeX Font Info:    ... okay on input line 91.
LaTeX Font Info:    Checking defaults for T1/cmr/m/n on input line 91.
LaTeX Font Info:    ... okay on input line 91.
LaTeX Font Info:    Checking defaults for OT1/cmr/m/n on input line 91.
LaTeX Font Info:    ... okay on input line 91.
LaTeX Font Info:    Checking defaults for OMS/cmsy/m/n on input line 91.
LaTeX Font Info:    ... okay on input line 91.
LaTeX Font Info:    Checking defaults for OMX/cmex/m/n on input line 91.
LaTeX Font Info:    ... okay on input line 91.
LaTeX Font Info:    Checking defaults for U/cmr/m/n on input line 91.
LaTeX Font Info:    ... okay on input line 91.
LaTeX Font Info:    Try loading font information for OT1+pnc on input line 91.
(/usr/local/texlive/2012/texmf-dist/tex/latex/psnfss/ot1pnc.fd
File: ot1pnc.fd 2001/06/04 font definitions for OT1/pnc.
)
\bibhang=\skip56

(/usr/local/texlive/2012/texmf-dist/tex/context/base/supp-pdf.mkii
[Loading MPS to PDF converter (version 2006.09.02).]
\scratchcounter=\count96
\scratchdimen=\dimen119
\scratchbox=\box40
\nofMPsegments=\count97
\nofMParguments=\count98
\everyMPshowfont=\toks15
\MPscratchCnt=\count99
\MPscratchDim=\dimen120
\MPnumerator=\count100
\makeMPintoPDFobject=\count101
\everyMPtoPDFconversion=\toks16
) (/usr/local/texlive/2012/texmf-dist/tex/generic/oberdiek/pdftexcmds.sty
Package: pdftexcmds 2011/11/29 v0.20 Utility functions of pdfTeX for LuaTeX (HO
)

(/usr/local/texlive/2012/texmf-dist/tex/generic/oberdiek/ifluatex.sty
Package: ifluatex 2010/03/01 v1.3 Provides the ifluatex switch (HO)
Package ifluatex Info: LuaTeX not detected.
)
(/usr/local/texlive/2012/texmf-dist/tex/generic/oberdiek/ifpdf.sty
Package: ifpdf 2011/01/30 v2.3 Provides the ifpdf switch (HO)
Package ifpdf Info: pdfTeX in PDF mode is detected.
)
Package pdftexcmds Info: LuaTeX not detected.
Package pdftexcmds Info: \pdf@primitive is available.
Package pdftexcmds Info: \pdf@ifprimitive is available.
Package pdftexcmds Info: \pdfdraftmode found.
)
(/usr/local/texlive/2012/texmf-dist/tex/latex/oberdiek/epstopdf-base.sty
Package: epstopdf-base 2010/02/09 v2.5 Base part for package epstopdf

(/usr/local/texlive/2012/texmf-dist/tex/latex/oberdiek/grfext.sty
Package: grfext 2010/08/19 v1.1 Manage graphics extensions (HO)

(/usr/local/texlive/2012/texmf-dist/tex/generic/oberdiek/kvdefinekeys.sty
Package: kvdefinekeys 2011/04/07 v1.3 Define keys (HO)
))
(/usr/local/texlive/2012/texmf-dist/tex/latex/oberdiek/kvoptions.sty
Package: kvoptions 2011/06/30 v3.11 Key value format for package options (HO)

(/usr/local/texlive/2012/texmf-dist/tex/generic/oberdiek/kvsetkeys.sty
Package: kvsetkeys 2012/04/25 v1.16 Key value parser (HO)

(/usr/local/texlive/2012/texmf-dist/tex/generic/oberdiek/etexcmds.sty
Package: etexcmds 2011/02/16 v1.5 Avoid name clashes with e-TeX commands (HO)
Package etexcmds Info: Could not find \expanded.
(etexcmds)             That can mean that you are not using pdfTeX 1.50 or
(etexcmds)             that some package has redefined \expanded.
(etexcmds)             In the latter case, load this package earlier.
)))
Package grfext Info: Graphics extension search list:
(grfext)             [.png,.pdf,.jpg,.mps,.jpeg,.jbig2,.jb2,.PNG,.PDF,.JPG,.JPE
G,.JBIG2,.JB2,.eps]
(grfext)             \AppendGraphicsExtensions on input line 452.

(/usr/local/texlive/2012/texmf-dist/tex/latex/latexconfig/epstopdf-sys.cfg
File: epstopdf-sys.cfg 2010/07/13 v1.3 Configuration of (r)epstopdf for TeX Liv
e
))
LaTeX Font Info:    External font `cmex10' loaded for size
(Font)              <8> on input line 99.
LaTeX Font Info:    External font `cmex10' loaded for size
(Font)              <6> on input line 99.
LaTeX Font Info:    External font `cmex10' loaded for size
(Font)              <5> on input line 99.
LaTeX Font Info:    Try loading font information for U+lasy on input line 99.

(/usr/local/texlive/2012/texmf-dist/tex/latex/base/ulasy.fd
File: ulasy.fd 1998/08/17 v2.2e LaTeX symbol font definitions
)
LaTeX Font Info:    Try loading font information for OMS+pnc on input line 99.

(/usr/local/texlive/2012/texmf-dist/tex/latex/psnfss/omspnc.fd
File: omspnc.fd 
)
LaTeX Font Info:    Font shape `OMS/pnc/m/n' in size <8> not available
(Font)              Font shape `OMS/cmsy/m/n' tried instead on input line 99.
LaTeX Font Info:    Font shape `OT1/pnc/bx/n' in size <8> not available
(Font)              Font shape `OT1/pnc/b/n' tried instead on input line 102.
LaTeX Font Info:    Try loading font information for OT1+phv on input line 105.


(/usr/local/texlive/2012/texmf-dist/tex/latex/psnfss/ot1phv.fd
File: ot1phv.fd 2001/06/04 scalable font definitions for OT1/phv.
)
LaTeX Font Info:    Font shape `OT1/pnc/bx/n' in size <10> not available
(Font)              Font shape `OT1/pnc/b/n' tried instead on input line 110.


LaTeX Warning: Citation `Turk1996' on page 1 undefined on input line 110.


LaTeX Warning: Citation `Jobard1997' on page 1 undefined on input line 110.


LaTeX Warning: Citation `Cabral1993' on page 1 undefined on input line 111.


LaTeX Warning: Citation `Laidlaw2001' on page 1 undefined on input line 111.


LaTeX Warning: Citation `Ware2008' on page 1 undefined on input line 116.


Underfull \vbox (badness 10000) has occurred while \output is active []

LaTeX Font Info:    Font shape `OT1/pnc/bx/n' in size <12> not available
(Font)              Font shape `OT1/pnc/b/n' tried instead on input line 124.

Overfull \vbox (73.96626pt too high) has occurred while \output is active []


[1{/usr/local/texlive/2012/texmf-var/fonts/map/pdftex/updmap/pdftex.map}
Non-PDF special ignored!

]
Underfull \hbox (badness 3557) in paragraph at lines 172--172
[]\OT1/pnc/m/n/8 Objective and com-pu-ta-
 []


Underfull \hbox (badness 2080) in paragraph at lines 172--172
\OT1/pnc/m/n/8 tional mea-sures for de-
 []


Underfull \hbox (badness 1946) in paragraph at lines 172--172
\OT1/pnc/m/n/8 scrib-ing the changes in
 []


Underfull \hbox (badness 10000) in paragraph at lines 172--172
\OT1/pnc/m/n/8 cru-cial im-age qual-ity
 []

LaTeX Font Info:    External font `cmex10' loaded for size
(Font)              <7> on input line 200.

Overfull \vbox (0.633pt too high) has occurred while \output is active []

 [2]

LaTeX Warning: Citation `Hubel1962' on page 3 undefined on input line 243.


LaTeX Warning: Citation `Hubel1968' on page 3 undefined on input line 243.


LaTeX Warning: Citation `Li1998a' on page 3 undefined on input line 252.


LaTeX Warning: Citation `Laidlaw2001' on page 3 undefined on input line 263.


LaTeX Warning: Citation `Li1998a' on page 3 undefined on input line 270.


LaTeX Warning: Citation `Laidlaw2001' on page 3 undefined on input line 275.


Overfull \vbox (0.57443pt too high) has occurred while \output is active []


[3] <acmlarge-mouse.pdf, id=24, 151.56625pt x 134.5025pt>
File: acmlarge-mouse.pdf Graphic file (type pdf)

<use acmlarge-mouse.pdf>
Package pdftex.def Info: acmlarge-mouse.pdf used on input line 282.
(pdftex.def)             Requested size: 151.56587pt x 134.50215pt.


LaTeX Warning: Citation `Daugman1985' on page 4 undefined on input line 303.


LaTeX Warning: Citation `Hubel1962' on page 4 undefined on input line 310.


LaTeX Warning: Citation `Hubel1968' on page 4 undefined on input line 310.


LaTeX Warning: Reference `corticalarchitecturefig' on page 4 undefined on input
 line 314.


LaTeX Warning: Citation `Field1993' on page 4 undefined on input line 326.


LaTeX Warning: Reference `neuronalignmentfig' on page 4 undefined on input line
 336.

File: acmlarge-mouse.pdf Graphic file (type pdf)
<use acmlarge-mouse.pdf>
Package pdftex.def Info: acmlarge-mouse.pdf used on input line 340.
(pdftex.def)             Requested size: 151.56587pt x 134.50215pt.

Overfull \vbox (0.633pt too high) has occurred while \output is active []

 [4 <./acmlarge-mouse.pdf>]

LaTeX Warning: Citation `Hubel1962' on page 5 undefined on input line 349.


LaTeX Warning: Citation `Hubel1968' on page 5 undefined on input line 349.


LaTeX Warning: Citation `Field1993' on page 5 undefined on input line 350.


LaTeX Warning: Citation `Li1998a' on page 5 undefined on input line 354.


LaTeX Warning: Reference `gaboreqn' on page 5 undefined on input line 377.


LaTeX Warning: Citation `Laidlaw2001' on page 5 undefined on input line 381.


Overfull \vbox (0.57443pt too high) has occurred while \output is active []


[5]

LaTeX Warning: Citation `Li1998a' on page 6 undefined on input line 412.


LaTeX Warning: Citation `Lund2001' on page 6 undefined on input line 416.


LaTeX Warning: Citation `Laidlaw2001' on page 6 undefined on input line 417.

LaTeX Font Info:    External font `cmex10' loaded for size
(Font)              <9> on input line 436.
LaTeX Font Info:    Font shape `OT1/pnc/bx/n' in size <9> not available
(Font)              Font shape `OT1/pnc/b/n' tried instead on input line 451.

Underfull \vbox (badness 4634) has occurred while \output is active []


Overfull \vbox (0.633pt too high) has occurred while \output is active []

 [6]

LaTeX Warning: Citation `Pineo2008' on page 7 undefined on input line 480.


LaTeX Warning: Citation `Laidlaw2001' on page 7 undefined on input line 495.


LaTeX Warning: Citation `Turk1996' on page 7 undefined on input line 498.


LaTeX Warning: Citation `Cabral1993' on page 7 undefined on input line 500.


LaTeX Warning: Citation `Ware2008' on page 7 undefined on input line 503.


LaTeX Warning: Citation `Jobard1997' on page 7 undefined on input line 505.


LaTeX Warning: Citation `Fowler1989' on page 7 undefined on input line 507.

File: acmlarge-mouse.pdf Graphic file (type pdf)
<use acmlarge-mouse.pdf>
Package pdftex.def Info: acmlarge-mouse.pdf used on input line 512.
(pdftex.def)             Requested size: 151.56587pt x 134.50215pt.
File: acmlarge-mouse.pdf Graphic file (type pdf)
 <use acmlarge-mouse.pdf>
Package pdftex.def Info: acmlarge-mouse.pdf used on input line 519.
(pdftex.def)             Requested size: 151.56587pt x 134.50215pt.

Overfull \hbox (3.39197pt too wide) in paragraph at lines 510--523
[][]   [] 
 []

File: acmlarge-mouse.pdf Graphic file (type pdf)
<use acmlarge-mouse.pdf>
Package pdftex.def Info: acmlarge-mouse.pdf used on input line 528.
(pdftex.def)             Requested size: 151.56587pt x 134.50215pt.
File: acmlarge-mouse.pdf Graphic file (type pdf)
 <use acmlarge-mouse.pdf>
Package pdftex.def Info: acmlarge-mouse.pdf used on input line 535.
(pdftex.def)             Requested size: 151.56587pt x 134.50215pt.

Overfull \hbox (3.39197pt too wide) in paragraph at lines 526--539
[][]   [] 
 []


Overfull \vbox (0.57443pt too high) has occurred while \output is active []


[7]

LaTeX Warning: Reference `regularfig' on page 8 undefined on input line 558.


LaTeX Warning: Reference `jitteredfig' on page 8 undefined on input line 572.


LaTeX Warning: Reference `ortharrowheadfig' on page 8 undefined on input line 5
79.


LaTeX Warning: Reference `alignedcloseupfig' on page 8 undefined on input line 
584.


LaTeX Warning: Citation `Laidlaw2001' on page 8 undefined on input line 602.


Overfull \vbox (0.633pt too high) has occurred while \output is active []

 [8]

LaTeX Warning: Reference `regularfig' on page 9 undefined on input line 615.


LaTeX Warning: Citation `Li1998a' on page 9 undefined on input line 636.


LaTeX Warning: Citation `Abril07' on page 9 undefined on input line 654.


LaTeX Warning: Citation `Cohen07' on page 9 undefined on input line 655.


LaTeX Warning: Citation `JCohen96' on page 9 undefined on input line 655.


LaTeX Warning: Citation `Kosiur01' on page 9 undefined on input line 656.


LaTeX Warning: Citation `Harel79' on page 9 undefined on input line 657.


LaTeX Warning: Citation `Editor00' on page 9 undefined on input line 657.


LaTeX Warning: Citation `Editor00a' on page 9 undefined on input line 659.


LaTeX Warning: Citation `Spector90' on page 9 undefined on input line 660.


LaTeX Warning: Citation `Douglass98' on page 9 undefined on input line 661.


LaTeX Warning: Citation `Knuth97' on page 9 undefined on input line 661.


LaTeX Warning: Citation `Andler79' on page 9 undefined on input line 663.


LaTeX Warning: Citation `Smith10' on page 9 undefined on input line 664.


LaTeX Warning: Citation `VanGundy07' on page 9 undefined on input line 665.


LaTeX Warning: Citation `Harel78' on page 9 undefined on input line 666.


LaTeX Warning: Citation `Clarkson85' on page 9 undefined on input line 666.


LaTeX Warning: Citation `anisi03' on page 9 undefined on input line 667.


LaTeX Warning: Citation `Thornburg01' on page 9 undefined on input line 667.


LaTeX Warning: Citation `Ablamowicz07' on page 9 undefined on input line 667.


LaTeX Warning: Citation `Poker06' on page 9 undefined on input line 668.


LaTeX Warning: Citation `Obama08' on page 9 undefined on input line 668.


LaTeX Warning: Citation `Novak03' on page 9 undefined on input line 668.


LaTeX Warning: Citation `Lee05' on page 9 undefined on input line 669.


LaTeX Warning: Citation `JoeScientist001' on page 9 undefined on input line 669
.


LaTeX Warning: Citation `rous08' on page 9 undefined on input line 670.


LaTeX Warning: Citation `SaeediMEJ10' on page 9 undefined on input line 671.


LaTeX Warning: Citation `SaeediJETC10' on page 9 undefined on input line 671.


LaTeX Warning: Citation `Kirschmer:2010:AEI:1958016.1958018' on page 9 undefine
d on input line 672.


LaTeX Warning: Citation `MR781536' on page 9 undefined on input line 674.


LaTeX Warning: Citation `MR781537' on page 9 undefined on input line 674.


Underfull \vbox (badness 10000) has occurred while \output is active []


Overfull \vbox (0.57443pt too high) has occurred while \output is active []


[9]

LaTeX Warning: Reference `eq:distance' on page 10 undefined on input line 711.


LaTeX Warning: Reference `eq:problemstatement' on page 10 undefined on input li
ne 712.

(./v2-acmlarge-sample.bbl
Underfull \hbox (badness 2285) in paragraph at lines 158--164
[]\OT1/pnc/m/n/8 Ian Ed-i-tor (Ed.). 2008.  \OT1/pnc/m/it/8 The ti-tle of book 
two \OT1/pnc/m/n/8 (2nd. ed.).  Uni-ver-sity of Chicago Press, Chicago, Chap-te
r 100.
 []


Overfull \vbox (0.633pt too high) has occurred while \output is active []

 [10]
Underfull \hbox (badness 4132) in paragraph at lines 374--382
[]\OT1/pnc/m/n/8 Daniel Pi-neo and Colin Ware. 2008.  Neu-ral mod-el-ing of flo
w ren-der-ing ef-fec-tive-ness. In \OT1/pnc/m/it/8 Pro-ceed-ings of the
 []


Underfull \hbox (badness 1924) in paragraph at lines 374--382
\OT1/pnc/m/it/8 5th Sym-po-sium on Ap-plied Per-cep-tion in Graph-ics and Vi-su
-al-iza-tion (APGV'08)\OT1/pnc/m/n/8 . ACM, New York, NY, 171--178.
 []


Overfull \vbox (0.57443pt too high) has occurred while \output is active []


[11])
Overfull \vbox (0.633pt too high) has occurred while \output is active []

 [12]
[1

] (./v2-acmlarge-sample.aux)

LaTeX Warning: There were undefined references.


LaTeX Warning: Label(s) may have changed. Rerun to get cross-references right.

 ) 
Here is how much of TeX's memory you used:
 3246 strings out of 493488
 43535 string characters out of 3141326
 129455 words of memory out of 3000000
 6501 multiletter control sequences out of 15000+200000
 32172 words of font info for 66 fonts, out of 3000000 for 9000
 957 hyphenation exceptions out of 8191
 38i,19n,26p,308b,425s stack positions out of 5000i,500n,10000p,200000b,50000s
{/usr/local/texlive/2012/texmf-dist/fonts/enc/dvips/base/8r.enc}</usr/local/t
exlive/2012/texmf-dist/fonts/type1/public/amsfonts/cm/cmex10.pfb></usr/local/te
xlive/2012/texmf-dist/fonts/type1/public/amsfonts/cm/cmmi10.pfb></usr/local/tex
live/2012/texmf-dist/fonts/type1/public/amsfonts/cm/cmmi5.pfb></usr/local/texli
ve/2012/texmf-dist/fonts/type1/public/amsfonts/cm/cmmi7.pfb></usr/local/texlive
/2012/texmf-dist/fonts/type1/public/amsfonts/cm/cmmi9.pfb></usr/local/texlive/2
012/texmf-dist/fonts/type1/public/amsfonts/cm/cmr10.pfb></usr/local/texlive/201
2/texmf-dist/fonts/type1/public/amsfonts/cm/cmr5.pfb></usr/local/texlive/2012/t
exmf-dist/fonts/type1/public/amsfonts/cm/cmr7.pfb></usr/local/texlive/2012/texm
f-dist/fonts/type1/public/amsfonts/cm/cmr8.pfb></usr/local/texlive/2012/texmf-d
ist/fonts/type1/public/amsfonts/cm/cmr9.pfb></usr/local/texlive/2012/texmf-dist
/fonts/type1/public/amsfonts/cm/cmsy10.pfb></usr/local/texlive/2012/texmf-dist/
fonts/type1/public/amsfonts/cm/cmsy5.pfb></usr/local/texlive/2012/texmf-dist/fo
nts/type1/public/amsfonts/cm/cmsy6.pfb></usr/local/texlive/2012/texmf-dist/font
s/type1/public/amsfonts/cm/cmsy7.pfb></usr/local/texlive/2012/texmf-dist/fonts/
type1/public/amsfonts/cm/cmsy8.pfb></usr/local/texlive/2012/texmf-dist/fonts/ty
pe1/public/amsfonts/cm/cmsy9.pfb></usr/local/texlive/2012/texmf-dist/fonts/type
1/public/amsfonts/cm/cmtt8.pfb></usr/local/texlive/2012/texmf-dist/fonts/type1/
urw/helvetic/uhvr8a.pfb></usr/local/texlive/2012/texmf-dist/fonts/type1/urw/ncn
trsbk/uncb8a.pfb></usr/local/texlive/2012/texmf-dist/fonts/type1/urw/ncntrsbk/u
ncr8a.pfb></usr/local/texlive/2012/texmf-dist/fonts/type1/urw/ncntrsbk/uncri8a.
pfb>
Output written on v2-acmlarge-sample.pdf (13 pages, 253950 bytes).
PDF statistics:
 137 PDF objects out of 1000 (max. 8388607)
 98 compressed objects within 1 object stream
 0 named destinations out of 1000 (max. 500000)
 6 words of extra memory for PDF output out of 10000 (max. 10000000)

